Build started 8/29/2011 11:42:19 PM.
     1>Project "D:\Daanish Stuff\directdrawoverlaylib-711\DirectDrawOverlayLibTest\DirectDrawOverlayLibTest.vcxproj" on node 2 (build target(s)).
     1>InitializeBuildStatus:
         Touching "D:\Daanish Stuff\directdrawoverlaylib-711\build\DirectDrawOverlayLibTest\Debug\DirectDrawOverlayLibTest.unsuccessfulbuild".
       ClCompile:
         c:\Program Files\Microsoft Visual Studio 10.0\VC\bin\CL.exe /c /I"D:\Daanish Stuff\directdrawoverlaylib-711\DirectDrawOverlayLib" /ZI /nologo /W3 /WX- /Od /Oy- /D WIN32 /D _DEBUG /D _CONSOLE /D _UNICODE /D UNICODE /Gm /EHsc /RTC1 /MDd /GS /fp:precise /Zc:wchar_t /Zc:forScope /Fo"D:\Daanish Stuff\directdrawoverlaylib-711\build\DirectDrawOverlayLibTest\Debug\\" /Fd"D:\Daanish Stuff\directdrawoverlaylib-711\build\DirectDrawOverlayLibTest\Debug\vc100.pdb" /Gd /TP /analyze- /errorReport:prompt DirectDrawOverlayLibTest.cpp
         DirectDrawOverlayLibTest.cpp
     1>d:\daanish stuff\directdrawoverlaylib-711\directdrawoverlaylibtest\directdrawoverlaylibtest.cpp(2): fatal error C1083: Cannot open include file: 'boost\test\auto_unit_test.hpp': No such file or directory
     1>Done Building Project "D:\Daanish Stuff\directdrawoverlaylib-711\DirectDrawOverlayLibTest\DirectDrawOverlayLibTest.vcxproj" (build target(s)) -- FAILED.

Build FAILED.

Time Elapsed 00:00:00.63
